TN:
SF:/Users/tintin/workspace/solidity/bounties-audit-2019-03/contracts/BountiesMetaTxRelayer.sol
FN:14,constructor
FN:18,metaIssueBounty
FN:64,metaContribute
FN:90,metaRefundContribution
FN:114,metaRefundContributions
FN:138,metaPerformAction
FN:161,metaFulfillBounty
FN:186,metaUpdateFulfillment
FN:213,metaAcceptFulfillment
FN:244,metaFulfillAndAccept
FN:278,metaChangeBounty
FN:315,metaChangeIssuer
FN:346,metaChangeApprover
FN:377,metaChangeData
FN:405,metaChangeDeadline
FN:433,metaAddIssuers
FN:461,metaReplaceIssuers
FN:489,metaAddApprovers
FN:517,metaReplaceApprovers
FN:545,getSigner
FNF:20
FNH:0
FNDA:0,constructor
FNDA:0,metaIssueBounty
FNDA:0,metaContribute
FNDA:0,metaRefundContribution
FNDA:0,metaRefundContributions
FNDA:0,metaPerformAction
FNDA:0,metaFulfillBounty
FNDA:0,metaUpdateFulfillment
FNDA:0,metaAcceptFulfillment
FNDA:0,metaFulfillAndAccept
FNDA:0,metaChangeBounty
FNDA:0,metaChangeIssuer
FNDA:0,metaChangeApprover
FNDA:0,metaChangeData
FNDA:0,metaChangeDeadline
FNDA:0,metaAddIssuers
FNDA:0,metaReplaceIssuers
FNDA:0,metaAddApprovers
FNDA:0,metaReplaceApprovers
FNDA:0,getSigner
DA:15,0
DA:35,0
DA:45,0
DA:48,0
DA:49,0
DA:52,0
DA:54,0
DA:72,0
DA:77,0
DA:80,0
DA:81,0
DA:84,0
DA:86,0
DA:97,0
DA:102,0
DA:105,0
DA:106,0
DA:109,0
DA:111,0
DA:121,0
DA:126,0
DA:129,0
DA:130,0
DA:133,0
DA:135,0
DA:145,0
DA:150,0
DA:152,0
DA:153,0
DA:156,0
DA:158,0
DA:169,0
DA:175,0
DA:177,0
DA:178,0
DA:181,0
DA:183,0
DA:195,0
DA:202,0
DA:204,0
DA:205,0
DA:208,0
DA:210,0
DA:222,0
DA:229,0
DA:231,0
DA:232,0
DA:235,0
DA:237,0
DA:254,0
DA:262,0
DA:264,0
DA:265,0
DA:268,0
DA:270,0
DA:289,0
DA:298,0
DA:300,0
DA:301,0
DA:304,0
DA:306,0
DA:324,0
DA:331,0
DA:333,0
DA:334,0
DA:337,0
DA:339,0
DA:355,0
DA:362,0
DA:364,0
DA:365,0
DA:368,0
DA:370,0
DA:385,0
DA:391,0
DA:393,0
DA:394,0
DA:397,0
DA:399,0
DA:413,0
DA:419,0
DA:421,0
DA:422,0
DA:425,0
DA:427,0
DA:441,0
DA:447,0
DA:449,0
DA:450,0
DA:453,0
DA:455,0
DA:469,0
DA:475,0
DA:477,0
DA:478,0
DA:481,0
DA:483,0
DA:497,0
DA:503,0
DA:505,0
DA:506,0
DA:509,0
DA:511,0
DA:525,0
DA:531,0
DA:533,0
DA:534,0
DA:537,0
DA:539,0
DA:552,0
DA:553,0
DA:554,0
DA:555,0
DA:556,0
DA:558,0
DA:563,0
DA:564,0
DA:567,0
DA:568,0
DA:570,0
LF:120
LH:0
BRDA:48,1,0,0
BRDA:48,1,1,0
BRDA:49,2,0,0
BRDA:49,2,1,0
BRDA:80,3,0,0
BRDA:80,3,1,0
BRDA:81,4,0,0
BRDA:81,4,1,0
BRDA:105,5,0,0
BRDA:105,5,1,0
BRDA:106,6,0,0
BRDA:106,6,1,0
BRDA:129,7,0,0
BRDA:129,7,1,0
BRDA:130,8,0,0
BRDA:130,8,1,0
BRDA:152,9,0,0
BRDA:152,9,1,0
BRDA:153,10,0,0
BRDA:153,10,1,0
BRDA:177,11,0,0
BRDA:177,11,1,0
BRDA:178,12,0,0
BRDA:178,12,1,0
BRDA:204,13,0,0
BRDA:204,13,1,0
BRDA:205,14,0,0
BRDA:205,14,1,0
BRDA:231,15,0,0
BRDA:231,15,1,0
BRDA:232,16,0,0
BRDA:232,16,1,0
BRDA:264,17,0,0
BRDA:264,17,1,0
BRDA:265,18,0,0
BRDA:265,18,1,0
BRDA:300,19,0,0
BRDA:300,19,1,0
BRDA:301,20,0,0
BRDA:301,20,1,0
BRDA:333,21,0,0
BRDA:333,21,1,0
BRDA:334,22,0,0
BRDA:334,22,1,0
BRDA:364,23,0,0
BRDA:364,23,1,0
BRDA:365,24,0,0
BRDA:365,24,1,0
BRDA:393,25,0,0
BRDA:393,25,1,0
BRDA:394,26,0,0
BRDA:394,26,1,0
BRDA:421,27,0,0
BRDA:421,27,1,0
BRDA:422,28,0,0
BRDA:422,28,1,0
BRDA:449,29,0,0
BRDA:449,29,1,0
BRDA:450,30,0,0
BRDA:450,30,1,0
BRDA:477,31,0,0
BRDA:477,31,1,0
BRDA:478,32,0,0
BRDA:478,32,1,0
BRDA:505,33,0,0
BRDA:505,33,1,0
BRDA:506,34,0,0
BRDA:506,34,1,0
BRDA:533,35,0,0
BRDA:533,35,1,0
BRDA:534,36,0,0
BRDA:534,36,1,0
BRDA:555,37,0,0
BRDA:555,37,1,0
BRDA:563,38,0,0
BRDA:563,38,1,0
BRDA:567,39,0,0
BRDA:567,39,1,0
BRF:78
BRH:0
end_of_record
TN:
SF:/Users/tintin/workspace/solidity/bounties-audit-2019-03/contracts/StandardBounties.sol
FN:55,validateBountyArrayIndex
FN:62,validateContributionArrayIndex
FN:70,validateFulfillmentArrayIndex
FN:78,validateIssuerArrayIndex
FN:86,validateApproverArrayIndex
FN:94,onlyIssuer
FN:103,onlySubmitter
FN:113,onlyContributor
FN:123,isApprover
FN:132,hasNotPaid
FN:139,hasNotRefunded
FN:147,senderIsValid
FN:158,constructor
FN:165,setMetaTxRelayer
FN:184,issueBounty
FN:237,contribute
FN:290,refundContribution
FN:323,refundContributions
FN:342,performAction
FN:358,fulfillBounty
FN:386,updateFulfillment
FN:415,acceptFulfillment
FN:464,fulfillAndAccept
FN:495,changeBounty
FN:526,changeIssuer
FN:550,changeApprover
FN:576,changeData
FN:596,changeDeadline
FN:617,addIssuers
FN:639,replaceIssuers
FN:660,addApprovers
FN:682,replaceApprovers
FN:701,getBounty
FN:710,transferTokens
FNF:34
FNH:32
FNDA:669,validateBountyArrayIndex
FNDA:35,validateContributionArrayIndex
FNDA:52,validateFulfillmentArrayIndex
FNDA:202,validateIssuerArrayIndex
FNDA:12,validateApproverArrayIndex
FNDA:130,onlyIssuer
FNDA:6,onlySubmitter
FNDA:29,onlyContributor
FNDA:34,isApprover
FNDA:23,hasNotPaid
FNDA:23,hasNotRefunded
FNDA:936,senderIsValid
FNDA:257,constructor
FNDA:0,setMetaTxRelayer
FNDA:258,issueBounty
FNDA:239,contribute
FNDA:17,refundContribution
FNDA:0,refundContributions
FNDA:6,performAction
FNDA:63,fulfillBounty
FNDA:6,updateFulfillment
FNDA:20,acceptFulfillment
FNDA:3,fulfillAndAccept
FNDA:3,changeBounty
FNDA:6,changeIssuer
FNDA:6,changeApprover
FNDA:6,changeData
FNDA:25,changeDeadline
FNDA:6,addIssuers
FNDA:6,replaceIssuers
FNDA:6,addApprovers
FNDA:6,replaceApprovers
FNDA:30,getBounty
FNDA:39,transferTokens
DA:58,669
DA:59,579
DA:66,35
DA:67,29
DA:74,52
DA:75,40
DA:82,202
DA:83,148
DA:90,12
DA:91,6
DA:99,130
DA:100,76
DA:108,6
DA:110,6
DA:118,29
DA:120,23
DA:128,34
DA:129,20
DA:135,23
DA:136,23
DA:143,23
DA:144,17
DA:150,936
DA:151,930
DA:160,257
DA:169,0
DA:171,0
DA:172,0
DA:198,258
DA:200,258
DA:202,258
DA:203,258
DA:204,258
DA:205,258
DA:206,258
DA:207,258
DA:209,258
DA:211,258
DA:221,258
DA:222,187
DA:224,246
DA:247,239
DA:251,239
DA:254,239
DA:256,239
DA:257,74
DA:261,76
DA:265,72
DA:269,89
DA:273,85
DA:278,217
DA:303,17
DA:305,11
DA:308,11
DA:309,11
DA:314,11
DA:316,11
DA:332,0
DA:333,0
DA:350,6
DA:368,63
DA:369,57
DA:371,51
DA:373,51
DA:398,6
DA:399,6
DA:428,20
DA:430,20
DA:433,20
DA:435,14
DA:438,28
DA:440,28
DA:442,28
DA:444,28
DA:447,14
DA:475,3
DA:478,3
DA:509,3
DA:510,3
DA:511,3
DA:512,3
DA:539,6
DA:541,6
DA:563,6
DA:565,6
DA:588,6
DA:607,25
DA:609,25
DA:628,6
DA:629,12
DA:631,6
DA:650,6
DA:652,6
DA:671,6
DA:672,12
DA:674,6
DA:693,6
DA:695,6
DA:706,30
DA:714,39
DA:715,13
DA:717,13
DA:720,13
DA:724,0
LF:104
LH:98
BRDA:58,1,0,579
BRDA:58,1,1,90
BRDA:66,2,0,29
BRDA:66,2,1,6
BRDA:74,3,0,40
BRDA:74,3,1,12
BRDA:82,4,0,148
BRDA:82,4,1,54
BRDA:90,5,0,6
BRDA:90,5,1,6
BRDA:99,6,0,76
BRDA:99,6,1,54
BRDA:108,7,0,6
BRDA:108,7,1,0
BRDA:118,8,0,23
BRDA:118,8,1,6
BRDA:128,9,0,20
BRDA:128,9,1,14
BRDA:135,10,0,23
BRDA:135,10,1,0
BRDA:143,11,0,17
BRDA:143,11,1,6
BRDA:150,12,0,930
BRDA:150,12,1,6
BRDA:169,13,0,0
BRDA:169,13,1,0
BRDA:171,14,0,0
BRDA:171,14,1,0
BRDA:198,15,0,258
BRDA:198,15,1,0
BRDA:221,16,0,187
BRDA:221,16,1,71
BRDA:254,17,0,239
BRDA:254,17,1,0
BRDA:256,18,0,74
BRDA:256,18,1,165
BRDA:257,19,0,68
BRDA:257,19,1,6
BRDA:260,20,0,76
BRDA:260,20,1,89
BRDA:261,21,0,72
BRDA:261,21,1,4
BRDA:265,22,0,68
BRDA:265,22,1,4
BRDA:268,23,0,89
BRDA:268,23,1,0
BRDA:269,24,0,85
BRDA:269,24,1,4
BRDA:303,25,0,11
BRDA:303,25,1,6
BRDA:368,26,0,57
BRDA:368,26,1,6
BRDA:369,27,0,51
BRDA:369,27,1,6
BRDA:433,28,0,14
BRDA:433,28,1,6
BRDA:438,29,0,28
BRDA:438,29,1,0
BRDA:442,30,0,28
BRDA:442,30,1,0
BRDA:714,31,0,13
BRDA:714,31,1,26
BRDA:716,32,0,13
BRDA:716,32,1,13
BRDA:717,33,0,13
BRDA:717,33,1,0
BRDA:718,34,0,13
BRDA:718,34,1,0
BRF:68
BRH:55
end_of_record
